This file contains any messages produced by compilers while
running configure, to aid debugging if configure makes a mistake.

It was created by configure, which was
generated by GNU Autoconf 2.69.  Invocation command line was

  $ ./configure 

## --------- ##
## Platform. ##
## --------- ##

hostname = c05a28192214
uname -m = x86_64
uname -r = 4.19.76-linuxkit
uname -s = Linux
uname -v = #1 SMP Thu Oct 17 19:31:58 UTC 2019

/usr/bin/uname -p = unknown
/bin/uname -X     = unknown

/bin/arch              = x86_64
/usr/bin/arch -k       = unknown
/usr/convex/getsysinfo = unknown
/usr/bin/hostinfo      = unknown
/bin/machine           = unknown
/usr/bin/oslevel       = unknown
/bin/universe          = unknown

PATH: /usr/local/sbin
PATH: /usr/local/bin
PATH: /usr/sbin
PATH: /usr/bin
PATH: /sbin
PATH: /bin


## ----------- ##
## Core tests. ##
## ----------- ##

configure:2307: checking for grep that handles long lines and -e
configure:2365: result: /bin/grep
configure:2370: checking for egrep
configure:2432: result: /bin/grep -E
configure:2437: checking for a sed that does not truncate output
configure:2491: result: /bin/sed
configure:2628: checking for cc
configure:2644: found /usr/bin/cc
configure:2655: result: cc
configure:2686: checking for C compiler version
configure:2695: cc --version >&5
cc (Alpine 9.2.0) 9.2.0
Copyright (C) 2019 Free Software Foundation, Inc.
This is free software; see the source for copying conditions.  There is NO
warranty; not even for MERCHANTABILITY or FITNESS FOR A PARTICULAR PURPOSE.

configure:2706: $? = 0
configure:2695: cc -v >&5
Using built-in specs.
COLLECT_GCC=cc
COLLECT_LTO_WRAPPER=/usr/libexec/gcc/x86_64-alpine-linux-musl/9.2.0/lto-wrapper
Target: x86_64-alpine-linux-musl
Configured with: /home/buildozer/aports/main/gcc/src/gcc-9.2.0/configure --prefix=/usr --mandir=/usr/share/man --infodir=/usr/share/info --build=x86_64-alpine-linux-musl --host=x86_64-alpine-linux-musl --target=x86_64-alpine-linux-musl --with-pkgversion='Alpine 9.2.0' --enable-checking=release --disable-fixed-point --disable-libstdcxx-pch --disable-multilib --disable-nls --disable-werror --disable-symvers --enable-__cxa_atexit --enable-default-pie --enable-default-ssp --enable-cloog-backend --enable-languages=c,c++,objc,fortran,ada --disable-libssp --disable-libmpx --disable-libmudflap --disable-libsanitizer --enable-shared --enable-threads --enable-tls --with-system-zlib --with-linker-hash-style=gnu
Thread model: posix
gcc version 9.2.0 (Alpine 9.2.0) 
configure:2706: $? = 0
configure:2695: cc -V >&5
cc: error: unrecognized command line option '-V'
cc: fatal error: no input files
compilation terminated.
configure:2706: $? = 1
configure:2695: cc -qversion >&5
cc: error: unrecognized command line option '-qversion'; did you mean '--version'?
cc: fatal error: no input files
compilation terminated.
configure:2706: $? = 1
configure:2726: checking whether the C compiler works
configure:2748: cc    conftest.c  >&5
configure:2752: $? = 0
configure:2800: result: yes
configure:2803: checking for C compiler default output file name
configure:2805: result: a.out
configure:2811: checking for suffix of executables
configure:2818: cc -o conftest    conftest.c  >&5
configure:2822: $? = 0
configure:2844: result: 
configure:2866: checking whether we are cross compiling
configure:2874: cc -o conftest    conftest.c  >&5
configure:2878: $? = 0
configure:2885: ./conftest
configure:2889: $? = 0
configure:2904: result: no
configure:2909: checking for suffix of object files
configure:2931: cc -c   conftest.c >&5
configure:2935: $? = 0
configure:2956: result: o
configure:2960: checking whether we are using the GNU C compiler
configure:2979: cc -c   conftest.c >&5
configure:2979: $? = 0
configure:2988: result: yes
configure:2997: checking whether cc accepts -g
configure:3017: cc -c -g  conftest.c >&5
configure:3017: $? = 0
configure:3058: result: yes
configure:3075: checking for cc option to accept ISO C89
configure:3138: cc  -c -g -O2  conftest.c >&5
configure:3138: $? = 0
configure:3151: result: none needed
configure:3177: checking how to run the C preprocessor
configure:3208: cc -E  conftest.c
configure:3208: $? = 0
configure:3222: cc -E  conftest.c
conftest.c:9:10: fatal error: ac_nonexistent.h: No such file or directory
    9 | #include <ac_nonexistent.h>
      |          ^~~~~~~~~~~~~~~~~~
compilation terminated.
configure:3222: $? = 1
configure: failed program was:
| /* confdefs.h */
| #define PACKAGE_NAME ""
| #define PACKAGE_TARNAME ""
| #define PACKAGE_VERSION ""
| #define PACKAGE_STRING ""
| #define PACKAGE_BUGREPORT ""
| #define PACKAGE_URL ""
| /* end confdefs.h.  */
| #include <ac_nonexistent.h>
configure:3247: result: cc -E
configure:3267: cc -E  conftest.c
configure:3267: $? = 0
configure:3281: cc -E  conftest.c
conftest.c:9:10: fatal error: ac_nonexistent.h: No such file or directory
    9 | #include <ac_nonexistent.h>
      |          ^~~~~~~~~~~~~~~~~~
compilation terminated.
configure:3281: $? = 1
configure: failed program was:
| /* confdefs.h */
| #define PACKAGE_NAME ""
| #define PACKAGE_TARNAME ""
| #define PACKAGE_VERSION ""
| #define PACKAGE_STRING ""
| #define PACKAGE_BUGREPORT ""
| #define PACKAGE_URL ""
| /* end confdefs.h.  */
| #include <ac_nonexistent.h>
configure:3312: checking for icc
configure:3321: result: no
configure:3335: checking for suncc
configure:3344: result: no
configure:3362: checking whether cc understands -c and -o together
configure:3390: cc -c conftest.c -o conftest2.o >&5
configure:3394: $? = 0
configure:3400: cc -c conftest.c -o conftest2.o >&5
configure:3404: $? = 0
configure:3459: result: yes
configure:3473: checking for system library directory
configure:3488: result: lib
configure:3495: checking if compiler supports -R
configure:3514: cc -o conftest -g -O2   conftest.c -R /usr/lib  >&5
cc: error: unrecognized command line option '-R'
configure:3514: $? = 1
configure: failed program was:
| /* confdefs.h */
| #define PACKAGE_NAME ""
| #define PACKAGE_TARNAME ""
| #define PACKAGE_VERSION ""
| #define PACKAGE_STRING ""
| #define PACKAGE_BUGREPORT ""
| #define PACKAGE_URL ""
| /* end confdefs.h.  */
| 
| int
| main ()
| {
| 
|   ;
|   return 0;
| }
configure:3524: result: no
configure:3529: checking if compiler supports -Wl,-rpath,
configure:3548: cc -o conftest -g -O2   conftest.c -Wl,-rpath,/usr/lib  >&5
configure:3548: $? = 0
configure:3558: result: yes
configure:3603: checking build system type
configure:3617: result: x86_64-pc-linux-musl
configure:3637: checking host system type
configure:3650: result: x86_64-pc-linux-musl
configure:3670: checking target system type
configure:3683: result: x86_64-pc-linux-musl
configure:3786: checking for PHP prefix
configure:3788: result: /usr/local
configure:3790: checking for PHP includes
configure:3792: result: -I/usr/local/include/php -I/usr/local/include/php/main -I/usr/local/include/php/TSRM -I/usr/local/include/php/Zend -I/usr/local/include/php/ext -I/usr/local/include/php/ext/date/lib
configure:3794: checking for PHP extension directory
configure:3796: result: /usr/local/lib/php/extensions/no-debug-non-zts-20180731
configure:3798: checking for PHP installed headers prefix
configure:3800: result: /usr/local/include/php
configure:3803: checking if debug is enabled
configure:3829: result: no
configure:3832: checking if zts is enabled
configure:3858: result: no
configure:3929: checking for re2c
configure:3959: result: no
configure:3984: WARNING: You will need re2c 0.13.4 or later if you want to regenerate PHP parsers.
configure:3998: checking for gawk
configure:4029: result: no
configure:3998: checking for nawk
configure:4029: result: no
configure:3998: checking for awk
configure:4015: found /usr/bin/awk
configure:4026: result: awk
configure:4049: checking if awk is broken
configure:4056: result: no
configure:4069: checking whether to enable the imagick extension
configure:4109: result: yes, shared
configure:4163: checking for pkg-config
configure:4181: found /usr/bin/pkg-config
configure:4194: result: /usr/bin/pkg-config
configure:4212: checking ImageMagick MagickWand API configuration program
configure:4245: checking Testing /usr/local/bin/MagickWand-config
configure:4250: result: It exists
configure:4276: result: found in /usr/local/bin/MagickWand-config
configure:4293: checking if ImageMagick version is at least 6.2.4
configure:4296: result: found version 7.0.9 Q16 HDRI
configure:4308: checking for MagickWand.h or magick-wand.h header
configure:4338: result: /usr/local/include/ImageMagick-7/MagickWand/MagickWand.h
configure:4403: checking PHP version is at least 5.1.3
configure:4421: result: yes. found 7.3.15
configure:4583: checking for MagickGetVersion
configure:4583: cc -o conftest -g -O2   conftest.c  -L/usr/local/lib -lMagickWand-7.Q16HDRI -lMagickCore-7.Q16HDRI  >&5
configure:4583: $? = 0
configure:4583: result: yes
configure:4612: checking for MagickSetImageInterpolateMethod
configure:4612: cc -o conftest -g -O2   conftest.c  -L/usr/local/lib -lMagickWand-7.Q16HDRI -lMagickCore-7.Q16HDRI  >&5
configure:4612: $? = 0
configure:4612: result: yes
configure:5005: checking for ld used by cc
configure:5072: result: /usr/x86_64-alpine-linux-musl/bin/ld
configure:5079: checking if the linker (/usr/x86_64-alpine-linux-musl/bin/ld) is GNU ld
configure:5094: result: yes
configure:5099: checking for /usr/x86_64-alpine-linux-musl/bin/ld option to reload object files
configure:5106: result: -r
configure:5124: checking for BSD-compatible nm
configure:5173: result: /usr/bin/nm -B
configure:5177: checking whether ln -s works
configure:5181: result: yes
configure:5188: checking how to recognize dependent libraries
configure:5374: result: pass_all
configure:5459: cc -c -g -O2  conftest.c >&5
configure:5462: $? = 0
configure:5592: checking for ANSI C header files
configure:5612: cc -c -g -O2  conftest.c >&5
configure:5612: $? = 0
configure:5685: cc -o conftest -g -O2   conftest.c  >&5
configure:5685: $? = 0
configure:5685: ./conftest
configure:5685: $? = 0
configure:5696: result: yes
configure:5709: checking for sys/types.h
configure:5709: cc -c -g -O2  conftest.c >&5
configure:5709: $? = 0
configure:5709: result: yes
configure:5709: checking for sys/stat.h
configure:5709: cc -c -g -O2  conftest.c >&5
configure:5709: $? = 0
configure:5709: result: yes
configure:5709: checking for stdlib.h
configure:5709: cc -c -g -O2  conftest.c >&5
configure:5709: $? = 0
configure:5709: result: yes
configure:5709: checking for string.h
configure:5709: cc -c -g -O2  conftest.c >&5
configure:5709: $? = 0
configure:5709: result: yes
configure:5709: checking for memory.h
configure:5709: cc -c -g -O2  conftest.c >&5
configure:5709: $? = 0
configure:5709: result: yes
configure:5709: checking for strings.h
configure:5709: cc -c -g -O2  conftest.c >&5
configure:5709: $? = 0
configure:5709: result: yes
configure:5709: checking for inttypes.h
configure:5709: cc -c -g -O2  conftest.c >&5
configure:5709: $? = 0
configure:5709: result: yes
configure:5709: checking for stdint.h
configure:5709: cc -c -g -O2  conftest.c >&5
configure:5709: $? = 0
configure:5709: result: yes
configure:5709: checking for unistd.h
configure:5709: cc -c -g -O2  conftest.c >&5
configure:5709: $? = 0
configure:5709: result: yes
configure:5723: checking dlfcn.h usability
configure:5723: cc -c -g -O2  conftest.c >&5
configure:5723: $? = 0
configure:5723: result: yes
configure:5723: checking dlfcn.h presence
configure:5723: cc -E  conftest.c
configure:5723: $? = 0
configure:5723: result: yes
configure:5723: checking for dlfcn.h
configure:5723: result: yes
configure:5745: checking the maximum length of command line arguments
configure:5857: result: 98304
configure:5869: checking command to parse /usr/bin/nm -B output from cc object
configure:5974: cc -c -g -O2  conftest.c >&5
configure:5977: $? = 0
configure:5981: /usr/bin/nm -B conftest.o \| sed -n -e 's/^.*[ 	]\([ABCDGIRSTW][ABCDGIRSTW]*\)[ 	][ 	]*\([_A-Za-z][_A-Za-z0-9]*\)$/\1 \2 \2/p' \> conftest.nm
configure:5984: $? = 0
configure:6036: cc -o conftest -g -O2   conftest.c conftstm.o >&5
configure:6039: $? = 0
configure:6077: result: ok
configure:6081: checking for objdir
configure:6096: result: .libs
configure:6188: checking for ar
configure:6204: found /usr/bin/ar
configure:6215: result: ar
configure:6280: checking for ranlib
configure:6296: found /usr/bin/ranlib
configure:6307: result: ranlib
configure:6372: checking for strip
configure:6388: found /usr/bin/strip
configure:6399: result: strip
configure:6968: checking if cc supports -fno-rtti -fno-exceptions
configure:6986: cc -c -g -O2  -fno-rtti -fno-exceptions conftest.c >&5
cc1: warning: command line option '-fno-rtti' is valid for C++/D/ObjC++ but not for C
configure:6990: $? = 0
configure:7003: result: no
configure:7018: checking for cc option to produce PIC
configure:7258: result: -fPIC
configure:7266: checking if cc PIC flag -fPIC works
configure:7284: cc -c -g -O2  -fPIC -DPIC conftest.c >&5
configure:7288: $? = 0
configure:7301: result: yes
configure:7329: checking if cc static flag -static works
configure:7357: result: yes
configure:7367: checking if cc supports -c -o file.o
configure:7388: cc -c -g -O2  -o out/conftest2.o conftest.c >&5
configure:7392: $? = 0
configure:7414: result: yes
configure:7440: checking whether the cc linker (/usr/x86_64-alpine-linux-musl/bin/ld) supports shared libraries
configure:8368: result: yes
configure:8389: checking whether -lc should be explicitly linked in
configure:8394: cc -c -g -O2  conftest.c >&5
configure:8397: $? = 0
configure:8412: cc -shared conftest.o  -v -Wl,-soname -Wl,conftest -o conftest 2\>\&1 \| grep  -lc  \>/dev/null 2\>\&1
configure:8415: $? = 0
configure:8427: result: no
configure:8435: checking dynamic linker characteristics
configure:9033: result: GNU/Linux ld.so
configure:9057: checking how to hardcode library paths into programs
configure:9082: result: immediate
configure:9096: checking whether stripping libraries is possible
configure:9101: result: yes
configure:9618: checking if libtool supports shared libraries
configure:9620: result: yes
configure:9623: checking whether to build shared libraries
configure:9644: result: yes
configure:9647: checking whether to build static libraries
configure:9651: result: no
configure:9745: result:
creating libtool
configure:13444: creating ./config.status

## ---------------------- ##
## Running config.status. ##
## ---------------------- ##

This file was extended by config.status, which was
generated by GNU Autoconf 2.69.  Invocation command line was

  CONFIG_FILES    = 
  CONFIG_HEADERS  = 
  CONFIG_LINKS    = 
  CONFIG_COMMANDS = 
  $ ./config.status 

on c05a28192214

config.status:680: creating config.h
config.status:770: config.h is unchanged

## ---------------- ##
## Cache variables. ##
## ---------------- ##

ac_cv_build='x86_64-pc-linux-musl'
ac_cv_c_compiler_gnu='yes'
ac_cv_env_CC_set=''
ac_cv_env_CC_value=''
ac_cv_env_CFLAGS_set=''
ac_cv_env_CFLAGS_value=''
ac_cv_env_CPPFLAGS_set=''
ac_cv_env_CPPFLAGS_value=''
ac_cv_env_CPP_set=''
ac_cv_env_CPP_value=''
ac_cv_env_LDFLAGS_set=''
ac_cv_env_LDFLAGS_value=''
ac_cv_env_LIBS_set=''
ac_cv_env_LIBS_value=''
ac_cv_env_build_alias_set=''
ac_cv_env_build_alias_value=''
ac_cv_env_host_alias_set=''
ac_cv_env_host_alias_value=''
ac_cv_env_target_alias_set=''
ac_cv_env_target_alias_value=''
ac_cv_func_MagickGetVersion='yes'
ac_cv_func_MagickSetImageInterpolateMethod='yes'
ac_cv_header_dlfcn_h='yes'
ac_cv_header_inttypes_h='yes'
ac_cv_header_memory_h='yes'
ac_cv_header_stdc='yes'
ac_cv_header_stdint_h='yes'
ac_cv_header_stdlib_h='yes'
ac_cv_header_string_h='yes'
ac_cv_header_strings_h='yes'
ac_cv_header_sys_stat_h='yes'
ac_cv_header_sys_types_h='yes'
ac_cv_header_unistd_h='yes'
ac_cv_host='x86_64-pc-linux-musl'
ac_cv_objext='o'
ac_cv_path_EGREP='/bin/grep -E'
ac_cv_path_GREP='/bin/grep'
ac_cv_path_PKG_CONFIG='/usr/bin/pkg-config'
ac_cv_prog_AWK='awk'
ac_cv_prog_CPP='cc -E'
ac_cv_prog_ac_ct_AR='ar'
ac_cv_prog_ac_ct_CC='cc'
ac_cv_prog_ac_ct_RANLIB='ranlib'
ac_cv_prog_ac_ct_STRIP='strip'
ac_cv_prog_cc_c89=''
ac_cv_prog_cc_cc_c_o='yes'
ac_cv_prog_cc_g='yes'
ac_cv_target='x86_64-pc-linux-musl'
lt_cv_deplibs_check_method='pass_all'
lt_cv_file_magic_cmd='$MAGIC_CMD'
lt_cv_file_magic_test_file=''
lt_cv_ld_reload_flag='-r'
lt_cv_objdir='.libs'
lt_cv_path_LD='/usr/x86_64-alpine-linux-musl/bin/ld'
lt_cv_path_NM='/usr/bin/nm -B'
lt_cv_path_SED='/bin/sed'
lt_cv_prog_compiler_c_o='yes'
lt_cv_prog_compiler_pic_works='yes'
lt_cv_prog_compiler_rtti_exceptions='no'
lt_cv_prog_compiler_static_works='yes'
lt_cv_prog_gnu_ld='yes'
lt_cv_sys_global_symbol_pipe='sed -n -e '"'"'s/^.*[ 	]\([ABCDGIRSTW][ABCDGIRSTW]*\)[ 	][ 	]*\([_A-Za-z][_A-Za-z0-9]*\)$/\1 \2 \2/p'"'"
lt_cv_sys_global_symbol_to_c_name_address='sed -n -e '"'"'s/^: \([^ ]*\) $/  {\"\1\", (lt_ptr) 0},/p'"'"' -e '"'"'s/^[BCDEGRST] \([^ ]*\) \([^ ]*\)$/  {"\2", (lt_ptr) \&\2},/p'"'"
lt_cv_sys_global_symbol_to_cdecl='sed -n -e '"'"'s/^. .* \(.*\)$/extern int \1;/p'"'"
lt_cv_sys_lib_dlsearch_path_spec='/lib /usr/lib'
lt_cv_sys_lib_search_path_spec='/usr/lib/gcc/x86_64-alpine-linux-musl/9.2.0 /usr/x86_64-alpine-linux-musl/lib /usr/lib /lib'
lt_cv_sys_max_cmd_len='98304'
lt_lt_cv_prog_compiler_c_o='"yes"'
lt_lt_cv_sys_global_symbol_pipe='"sed -n -e '"'"'s/^.*[ 	]\\([ABCDGIRSTW][ABCDGIRSTW]*\\)[ 	][ 	]*\\([_A-Za-z][_A-Za-z0-9]*\\)\$/\\1 \\2 \\2/p'"'"'"'
lt_lt_cv_sys_global_symbol_to_c_name_address='"sed -n -e '"'"'s/^: \\([^ ]*\\) \$/  {\\\"\\1\\\", (lt_ptr) 0},/p'"'"' -e '"'"'s/^[BCDEGRST] \\([^ ]*\\) \\([^ ]*\\)\$/  {\"\\2\", (lt_ptr) \\&\\2},/p'"'"'"'
lt_lt_cv_sys_global_symbol_to_cdecl='"sed -n -e '"'"'s/^. .* \\(.*\\)\$/extern int \\1;/p'"'"'"'
php_cv_cc_dashr='no'
php_cv_cc_rpath='yes'

## ----------------- ##
## Output variables. ##
## ----------------- ##

AR='ar'
AWK='awk'
CC='cc'
CFLAGS='-g -O2'
CONFIGURE_COMMAND=' '\''./configure'\'' '
CONFIGURE_OPTIONS=''
CPP='cc -E'
CPPFLAGS=' -DHAVE_CONFIG_H'
DEFS='-DHAVE_CONFIG_H'
DSYMUTIL=''
ECHO='echo'
ECHO_C=''
ECHO_N='-n'
ECHO_T=''
EGREP='/bin/grep -E'
EXEEXT=''
GREP='/bin/grep'
LDFLAGS=''
LIBOBJS=''
LIBS=''
LIBTOOL='$(SHELL) $(top_builddir)/libtool'
LN_S='ln -s'
LTLIBOBJS=''
NMEDIT=''
OBJEXT='o'
PACKAGE_BUGREPORT=''
PACKAGE_NAME=''
PACKAGE_STRING=''
PACKAGE_TARNAME=''
PACKAGE_URL=''
PACKAGE_VERSION=''
PATH_SEPARATOR=':'
PKG_CONFIG='/usr/bin/pkg-config'
RANLIB='ranlib'
RE2C='exit 0;'
SED='/bin/sed'
SHELL='/bin/sh'
SHLIB_DL_SUFFIX_NAME='so'
SHLIB_SUFFIX_NAME='so'
STRIP='strip'
ac_ct_CC='cc'
bindir='${exec_prefix}/bin'
build='x86_64-pc-linux-musl'
build_alias=''
build_cpu='x86_64'
build_os='linux-musl'
build_vendor='pc'
datadir='${datarootdir}'
datarootdir='${prefix}/share'
docdir='${datarootdir}/doc/${PACKAGE}'
dvidir='${docdir}'
exec_prefix='$(prefix)'
host='x86_64-pc-linux-musl'
host_alias='x86_64-pc-linux-musl'
host_cpu='x86_64'
host_os='linux-musl'
host_vendor='pc'
htmldir='${docdir}'
includedir='${prefix}/include'
infodir='${datarootdir}/info'
libdir='${exec_prefix}/lib'
libexecdir='${exec_prefix}/libexec'
localedir='${datarootdir}/locale'
localstatedir='${prefix}/var'
mandir='${datarootdir}/man'
oldincludedir='/usr/include'
pdfdir='${docdir}'
prefix='/usr/local'
program_transform_name='s,x,x,'
psdir='${docdir}'
runstatedir='${localstatedir}/run'
sbindir='${exec_prefix}/sbin'
sharedstatedir='${prefix}/com'
sysconfdir='${prefix}/etc'
target='x86_64-pc-linux-musl'
target_alias=''
target_cpu='x86_64'
target_os='linux-musl'
target_vendor='pc'

## ----------- ##
## confdefs.h. ##
## ----------- ##

/* confdefs.h */
#define PACKAGE_NAME ""
#define PACKAGE_TARNAME ""
#define PACKAGE_VERSION ""
#define PACKAGE_STRING ""
#define PACKAGE_BUGREPORT ""
#define PACKAGE_URL ""
#define IM_MAGICKWAND_HEADER_STYLE_SEVEN 1
#define HAVE_MAGICKGETVERSION 1
#define HAVE_MAGICKSETIMAGEINTERPOLATEMETHOD 1
#define HAVE_IMAGICK 1
#define COMPILE_DL_IMAGICK 1
#define STDC_HEADERS 1
#define HAVE_SYS_TYPES_H 1
#define HAVE_SYS_STAT_H 1
#define HAVE_STDLIB_H 1
#define HAVE_STRING_H 1
#define HAVE_MEMORY_H 1
#define HAVE_STRINGS_H 1
#define HAVE_INTTYPES_H 1
#define HAVE_STDINT_H 1
#define HAVE_UNISTD_H 1
#define HAVE_DLFCN_H 1

configure: exit 0
